<?xml version="1.0" encoding="UTF-8"?>
<!-- Generated by org.testng.reporters.JUnitReportReporter -->
<testsuite hostname="DESKTOP-CJFJDT3" failures="0" tests="1" name="testcases.LoginSpicejet" time="10.462" errors="0" timestamp="2021-03-26T12:26:33 PKT" skipped="0">
  <testcase classname="testcases.LoginSpicejet" name="SpicejetLogin" time="10.462"/>
  <system-out/>
</testsuite> <!-- testcases.LoginSpicejet -->
