<?xml version="1.0" encoding="UTF-8"?>
<!-- Generated by org.testng.reporters.JUnitReportReporter -->
<testsuite hostname="DESKTOP-CJFJDT3" failures="0" tests="1" name="testcases.LoginSpicejetApplication" time="21.133" errors="0" timestamp="2021-03-31T11:27:52 PKT" skipped="0">
  <testcase classname="testcases.LoginSpicejetApplication" name="SpicejetLogin" time="21.133"/>
  <system-out/>
</testsuite> <!-- testcases.LoginSpicejetApplication -->
